ambient
bathymetry
bottom
boundary
breaking
Cartesian
coastal
convergence
co-ordinate
Courant
current
curvilinear
dam
diffraction
diffusion
dissipation
filter
flow
force
frequency
friction
Froude
garden-sprinkler
harbour
initial
island
Jonswap
latitude
limiter
longitude
nautical
obstacle
ocean
plant
propagation
quadruplets
rectilinear
reflection
refraction
regular
set-up
shoaling
SORDUP
specular
spherical
stability
stationary
steepness
swell
triads
triangular
unstructured
vegetation
WAM
WAVEWATCH
whitecapping
wind
